<?xml version="1.0" encoding="UTF-8"?>
<testsuite name="ComputerRepairRequestTest" tests="2" skipped="0" failures="0" errors="0" timestamp="2025-03-03T23:13:03" hostname="DESKTOP-FB6EJ62" time="0.018">
  <properties/>
  <testcase name="First Test" classname="ComputerRepairRequestTest" time="0.016"/>
  <testcase name="Second Test" classname="ComputerRepairRequestTest" time="0.001"/>
  <system-out><![CDATA[]]></system-out>
  <system-err><![CDATA[]]></system-err>
</testsuite>
